#
# There is insufficient memory for the Java Runtime Environment to continue.
# Native memory allocation (mmap) failed to map 4194304 bytes for G1 virtual space
# Possible reasons:
#   The system is out of physical RAM or swap space
#   The process is running with CompressedOops enabled, and the Java Heap may be blocking the growth of the native heap
# Possible solutions:
#   Reduce memory load on the system
#   Increase physical memory or swap space
#   Check if swap backing store is full
#   Decrease Java heap size (-Xmx/-Xms)
#   Decrease number of Java threads
#   Decrease Java thread stack sizes (-Xss)
#   Set larger code cache with -XX:ReservedCodeCacheSize=
#   JVM is running with Zero Based Compressed Oops mode in which the Java heap is
#     placed in the first 32GB address space. The Java Heap base address is the
#     maximum limit for the native heap growth. Please use -XX:HeapBaseMinAddress
#     to set the Java Heap base and to place the Java Heap above 32GB virtual address.
# This output file may be truncated or incomplete.
#
#  Out of Memory Error (os_windows.cpp:3825), pid=18852, tid=7148
#
# JRE version:  (17.0.10+1) (build )
# Java VM: OpenJDK 64-Bit Server VM (17.0.10+1-b1207.14, mixed mode, sharing, tiered, compressed oops, compressed class ptrs, g1 gc, windows-amd64)
# No core dump will be written. Minidumps are not enabled by default on client versions of Windows
#

---------------  S U M M A R Y ------------

Command Line: git4idea.http.GitAskPassApp Username for 'https://github.com': 

Host: Intel(R) Core(TM) i7-6700HQ CPU @ 2.60GHz, 8 cores, 15G,  Windows 11 , 64 bit Build 22621 (10.0.22621.3958)
Time: Sat Oct 19 01:48:47 2024 Iran Standard Time elapsed time: 0.022714 seconds (0d 0h 0m 0s)

---------------  T H R E A D  ---------------

Current thread (0x000002293a852040):  JavaThread "Unknown thread" [_thread_in_vm, id=7148, stack(0x0000007bb0e00000,0x0000007bb0f00000)]

Stack: [0x0000007bb0e00000,0x0000007bb0f00000]
Native frames: (J=compiled Java code, j=interpreted, Vv=VM code, C=native code)
V  [jvm.dll+0x687989]
V  [jvm.dll+0x84116a]
V  [jvm.dll+0x842dae]
V  [jvm.dll+0x843413]
V  [jvm.dll+0x249ccf]
V  [jvm.dll+0x684759]
V  [jvm.dll+0x67900a]
V  [jvm.dll+0x30ab0b]
V  [jvm.dll+0x311fb6]
V  [jvm.dll+0x361d88]
V  [jvm.dll+0x361f8f]
V  [jvm.dll+0x2e07f8]
V  [jvm.dll+0x2e1764]
V  [jvm.dll+0x811c31]
V  [jvm.dll+0x36fc11]
V  [jvm.dll+0x7f0666]
V  [jvm.dll+0x3f3daf]
V  [jvm.dll+0x3f5a41]
C  [jli.dll+0x528f]
C  [ucrtbase.dll+0x29333]
C  [KERNEL32.DLL+0x1257d]
C  [ntdll.dll+0x5af08]


---------------  P R O C E S S  ---------------

Threads class SMR info:
_java_thread_list=0x00007ffd251cdf58, length=0, elements={
}

Java Threads: ( => current thread )

Other Threads:
  0x000002293a8c1d00 GCTaskThread "GC Thread#0" [stack: 0x0000007bb0f00000,0x0000007bb1000000] [id=8528]
  0x000002293a8d2ad0 ConcurrentGCThread "G1 Main Marker" [stack: 0x0000007bb1000000,0x0000007bb1100000] [id=16048]
  0x000002293a8d3c90 ConcurrentGCThread "G1 Conc#0" [stack: 0x0000007bb1100000,0x0000007bb1200000] [id=11956]

[error occurred during error reporting (printing all threads), id 0xc0000005, EXCEPTION_ACCESS_VIOLATION (0xc0000005) at pc=0x00007ffd249813c7]

VM state: not at safepoint (not fully initialized)

VM Mutex/Monitor currently owned by a thread:  ([mutex/lock_event])
[0x000002293a84cc40] Heap_lock - owner thread: 0x000002293a852040

Heap address: 0x0000000701800000, size: 4072 MB, Compressed Oops mode: Zero based, Oop shift amount: 3

CDS archive(s) mapped at: [0x0000000000000000-0x0000000000000000-0x0000000000000000), size 0, SharedBaseAddress: 0x0000000800000000, ArchiveRelocationMode: 1.
Narrow klass base: 0x0000000000000000, Narrow klass shift: 0, Narrow klass range: 0x0

GC Precious Log:
<Empty>

Heap:
 garbage-first heap   total 0K, used 0K [0x0000000701800000, 0x0000000800000000)
  region size 2048K, 0 young (0K), 0 survivors (0K)
 Metaspace       used 0K, committed 0K, reserved 0K
  class space    used 0K, committed 0K, reserved 0K

Heap Regions: E=young(eden), S=young(survivor), O=old, HS=humongous(starts), HC=humongous(continues), CS=collection set, F=free, OA=open archive, CA=closed archive, TAMS=top-at-mark-start (previous, next)

Card table byte_map: [0x000002294db00000,0x000002294e300000] _byte_map_base: 0x000002294a2f4000

Marking Bits (Prev, Next): (CMBitMap*) 0x000002293a8c2320, (CMBitMap*) 0x000002293a8c2360
 Prev Bits: [0x000002294eb00000, 0x0000022952aa0000)
 Next Bits: [0x0000022952aa0000, 0x0000022956a40000)

GC Heap History (0 events):
No events

Dll operation events (1 events):
Event: 0.011 Loaded shared library C:\JetBrains\Pycharm\jbr\bin\java.dll

Deoptimization events (0 events):
No events

Classes unloaded (0 events):
No events

Classes redefined (0 events):
No events

Internal exceptions (0 events):
No events

VM Operations (0 events):
No events

Events (0 events):
No events


Dynamic libraries:
0x00007ff6affb0000 - 0x00007ff6affba000 	C:\JetBrains\Pycharm\jbr\bin\java.exe
0x00007ffd8ccf0000 - 0x00007ffd8cf07000 	C:\Windows\SYSTEM32\ntdll.dll
0x00007ffd8bed0000 - 0x00007ffd8bf94000 	C:\Windows\System32\KERNEL32.DLL
0x00007ffd8a2b0000 - 0x00007ffd8a667000 	C:\Windows\System32\KERNELBASE.dll
0x00007ffd8a6f0000 - 0x00007ffd8a801000 	C:\Windows\System32\ucrtbase.dll
0x00007ffd834d0000 - 0x00007ffd834e7000 	C:\JetBrains\Pycharm\jbr\bin\jli.dll
0x00007ffd8bfe0000 - 0x00007ffd8c18f000 	C:\Windows\System32\USER32.dll
0x00007ffd8a810000 - 0x00007ffd8a836000 	C:\Windows\System32\win32u.dll
0x00007ffd6e640000 - 0x00007ffd6e8d3000 	C:\Windows\WinSxS\amd64_microsoft.windows.common-controls_6595b64144ccf1df_6.0.22621.3672_none_2713b9d173822955\COMCTL32.dll
0x00007ffd5cff0000 - 0x00007ffd5d00b000 	C:\JetBrains\Pycharm\jbr\bin\VCRUNTIME140.dll
0x00007ffd8cc80000 - 0x00007ffd8cca9000 	C:\Windows\System32\GDI32.dll
0x00007ffd8ac00000 - 0x00007ffd8aca7000 	C:\Windows\System32\msvcrt.dll
0x00007ffd8a190000 - 0x00007ffd8a2a8000 	C:\Windows\System32\gdi32full.dll
0x00007ffd8a0f0000 - 0x00007ffd8a18a000 	C:\Windows\System32\msvcp_win.dll
0x00007ffd8bfa0000 - 0x00007ffd8bfd1000 	C:\Windows\System32\IMM32.DLL
0x00007ffd86830000 - 0x00007ffd8683c000 	C:\JetBrains\Pycharm\jbr\bin\vcruntime140_1.dll
0x00007ffd3fdd0000 - 0x00007ffd3fe5d000 	C:\JetBrains\Pycharm\jbr\bin\msvcp140.dll
0x00007ffd24690000 - 0x00007ffd25312000 	C:\JetBrains\Pycharm\jbr\bin\server\jvm.dll
0x00007ffd8ab40000 - 0x00007ffd8abf2000 	C:\Windows\System32\ADVAPI32.dll
0x00007ffd8c340000 - 0x00007ffd8c3e8000 	C:\Windows\System32\sechost.dll
0x00007ffd8a0c0000 - 0x00007ffd8a0e8000 	C:\Windows\System32\bcrypt.dll
0x00007ffd8aa20000 - 0x00007ffd8ab34000 	C:\Windows\System32\RPCRT4.dll
0x00007ffd895b0000 - 0x00007ffd895fd000 	C:\Windows\SYSTEM32\POWRPROF.dll
0x00007ffd78b10000 - 0x00007ffd78b19000 	C:\Windows\SYSTEM32\WSOCK32.dll
0x00007ffd81ec0000 - 0x00007ffd81eca000 	C:\Windows\SYSTEM32\VERSION.dll
0x00007ffd8b5e0000 - 0x00007ffd8b651000 	C:\Windows\System32\WS2_32.dll
0x00007ffd858f0000 - 0x00007ffd85924000 	C:\Windows\SYSTEM32\WINMM.dll
0x00007ffd89590000 - 0x00007ffd895a3000 	C:\Windows\SYSTEM32\UMPDC.dll
0x00007ffd89010000 - 0x00007ffd89028000 	C:\Windows\SYSTEM32\kernel.appcore.dll
0x00007ffd85390000 - 0x00007ffd8539a000 	C:\JetBrains\Pycharm\jbr\bin\jimage.dll
0x00007ffd87910000 - 0x00007ffd87b42000 	C:\Windows\SYSTEM32\DBGHELP.DLL
0x00007ffd8b250000 - 0x00007ffd8b5de000 	C:\Windows\System32\combase.dll
0x00007ffd8cba0000 - 0x00007ffd8cc77000 	C:\Windows\System32\OLEAUT32.dll
0x00007ffd76710000 - 0x00007ffd76742000 	C:\Windows\SYSTEM32\dbgcore.DLL
0x00007ffd8a670000 - 0x00007ffd8a6eb000 	C:\Windows\System32\bcryptPrimitives.dll
0x00007ffd85350000 - 0x00007ffd85375000 	C:\JetBrains\Pycharm\jbr\bin\java.dll

dbghelp: loaded successfully - version: 4.0.5 - missing functions: none
symbol engine: initialized successfully - sym options: 0x614 - pdb path: .;C:\JetBrains\Pycharm\jbr\bin;C:\Windows\SYSTEM32;C:\Windows\WinSxS\amd64_microsoft.windows.common-controls_6595b64144ccf1df_6.0.22621.3672_none_2713b9d173822955;C:\JetBrains\Pycharm\jbr\bin\server

VM Arguments:
java_command: git4idea.http.GitAskPassApp Username for 'https://github.com': 
java_class_path (initial): C:/JetBrains/Pycharm/plugins/vcs-git/lib/git4idea-rt.jar;C:/JetBrains/Pycharm/lib/externalProcess-rt.jar
Launcher Type: SUN_STANDARD

[Global flags]
     intx CICompilerCount                          = 4                                         {product} {ergonomic}
     uint ConcGCThreads                            = 2                                         {product} {ergonomic}
     uint G1ConcRefinementThreads                  = 8                                         {product} {ergonomic}
   size_t G1HeapRegionSize                         = 2097152                                   {product} {ergonomic}
    uintx GCDrainStackTargetSize                   = 64                                        {product} {ergonomic}
   size_t InitialHeapSize                          = 268435456                                 {product} {ergonomic}
   size_t MarkStackSize                            = 4194304                                   {product} {ergonomic}
   size_t MaxHeapSize                              = 4269801472                                {product} {ergonomic}
   size_t MinHeapDeltaBytes                        = 2097152                                   {product} {ergonomic}
   size_t MinHeapSize                              = 8388608                                   {product} {ergonomic}
    uintx NonNMethodCodeHeapSize                   = 5839372                                {pd product} {ergonomic}
    uintx NonProfiledCodeHeapSize                  = 122909434                              {pd product} {ergonomic}
    uintx ProfiledCodeHeapSize                     = 122909434                              {pd product} {ergonomic}
    uintx ReservedCodeCacheSize                    = 251658240                              {pd product} {ergonomic}
     bool SegmentedCodeCache                       = true                                      {product} {ergonomic}
   size_t SoftMaxHeapSize                          = 4269801472                             {manageable} {ergonomic}
     bool UseCompressedClassPointers               = true                           {product lp64_product} {ergonomic}
     bool UseCompressedOops                        = true                           {product lp64_product} {ergonomic}
     bool UseG1GC                                  = true                                      {product} {ergonomic}
     bool UseLargePagesIndividualAllocation        = false                                  {pd product} {ergonomic}

Logging:
Log output configuration:
 #0: stdout all=warning uptime,level,tags
 #1: stderr all=off uptime,level,tags

Environment Variables:
PATH=C:/Program Files/Git/mingw64/libexec/git-core;C:/Program Files/Git/mingw64/libexec/git-core;C:\Program Files\Git\mingw64\bin;C:\Program Files\Git\usr\bin;C:\Users\Hamid\bin;C:\Users\Hamid\PycharmProjects\DrugVisualization\.venv\Scripts;C:\Program Files\NVIDIA\CUDNN\v9.4\bin;C:\Program Files\NVIDIA GPU Computing Toolkit\CUDA\v12.6\bin;C:\Program Files\NVIDIA GPU Computing Toolkit\CUDA\v12.6\libnvvp;C:\Program Files\Microsoft MPI\Bin\;C:\Windows\system32;C:\Windows;C:\Windows\System32\Wbem;C:\Windows\System32\WindowsPowerShell\v1.0\;C:\Windows\System32\OpenSSH\;C:\Program Files\dotnet\;C:\Program Files\Docker\Docker\resources\bin;C:\Program Files\WireGuard\;C:\Program Files (x86)\Microsoft SQL Server\160\Tools\Binn\;C:\Program Files\Microsoft SQL Server\160\Tools\Binn\;C:\Program Files\Microsoft SQL Server\Client SDK\ODBC\170\Tools\Binn\;C:\Program Files\Microsoft SQL Server\160\DTS\Binn\;C:\Program Files (x86)\Microsoft SQL Server\160\DTS\Binn\;C:\Program Files\Azure Data Studio\bin;C:\Program Files (x86)\NVIDIA Corporation\PhysX\Common;C:\Program Files\Microsoft SQL Server\150\Tools\Binn\;C:\Program Files\Git\cmd;C:\Program Files\NVIDIA Corporation\Nsight Compute 2024.3.1\;C:\Program Files\NVIDIA Corporation\NVIDIA NvDLISR;C:\Program Files\PowerShell\7\;C:\Users\Hamid\AppData\Local\Programs\Python\Python312;C:\Users\Hamid\AppData\Local\Programs\Python\Python312\Scripts;C:\
USERNAME=Hamid
DISPLAY=:0.0
LC_ALL=en_US.UTF-8
TERM=xterm-256color
TMPDIR=C:\Users\Hamid\AppData\Local\Temp
OS=Windows_NT
PROCESSOR_IDENTIFIER=Intel64 Family 6 Model 94 Stepping 3, GenuineIntel
TMP=C:\Users\Hamid\AppData\Local\Temp
TEMP=C:\Users\Hamid\AppData\Local\Temp



Periodic native trim disabled

JNI global refs:
JNI global refs: 0, weak refs: 0

JNI global refs memory usage: 0, weak refs: 0

OOME stack traces (most recent first):
Classloader memory used:


---------------  S Y S T E M  ---------------

OS:
 Windows 11 , 64 bit Build 22621 (10.0.22621.3958)
OS uptime: 2 days 21:16 hours
Hyper-V role detected

CPU: total 8 (initial active 8) (4 cores per cpu, 2 threads per core) family 6 model 94 stepping 3 microcode 0xd6, cx8, cmov, fxsr, ht, mmx, 3dnowpref, sse, sse2, sse3, ssse3, sse4.1, sse4.2, popcnt, lzcnt, tsc, tscinvbit, avx, avx2, aes, erms, clmul, bmi1, bmi2, rtm, adx, fma, vzeroupper, clflush, clflushopt, hv
Processor Information for all 8 processors :
  Max Mhz: 2592, Current Mhz: 2592, Mhz Limit: 2592

Memory: 4k page, system-wide physical 16282M (1018M free)
TotalPageFile size 46805M (AvailPageFile size 8M)
current process WorkingSet (physical memory assigned to process): 11M, peak: 11M
current process commit charge ("private bytes"): 321M, peak: 325M

vm_info: OpenJDK 64-Bit Server VM (17.0.10+1-b1207.14) for windows-amd64 JRE (17.0.10+1-b1207.14), built on 2024-04-05 by "builduser" with MS VC++ 16.10 / 16.11 (VS2019)

END.
