\BOOKMARK [1][-]{Doc-Start}{\376\377\006\101\006\107\006\061\006\063\006\052\000\040\006\105\006\067\006\047\006\104\006\050}{}% 1
\BOOKMARK [1][-]{chapter*.1}{\376\377\006\101\006\107\006\061\006\063\006\052\000\040\006\064\006\251\006\104\040\014\006\107\006\047}{}% 2
\BOOKMARK [1][-]{chapter*.2}{\376\377\006\101\006\107\006\061\006\063\006\052\000\040\006\054\006\057\006\047\006\110\006\104}{}% 3
\BOOKMARK [1][-]{chapter*.3}{\376\377\006\206\006\251\006\314\006\057\006\107}{}% 4
\BOOKMARK [0][-]{chapter.1}{\376\377\006\101\006\065\006\104\000\040}{}% 5
\BOOKMARK [1][-]{section.1.1}{\376\377\006\176\006\314\006\064\040\014\006\062\006\105\006\314\006\106\006\107}{chapter.1}% 6
\BOOKMARK [1][-]{section.1.2}{\376\377\006\057\006\047\006\105\006\106\006\107\000\040\006\110\000\040\006\105\006\055\006\057\006\110\006\057\006\314\006\052\040\014\006\107\006\047}{chapter.1}% 7
\BOOKMARK [2][-]{subsection.1.2.1}{\376\377\006\105\006\106\006\047\006\050\006\071\000\040\006\057\006\047\006\057\006\107\040\014\006\107\006\047\006\314\000\040\006\105\006\110\006\061\006\057\000\040\006\047\006\063\006\052\006\101\006\047\006\057\006\107}{section.1.2}% 8
\BOOKMARK [2][-]{subsection.1.2.2}{\376\377\006\052\006\105\006\061\006\251\006\062\000\040\006\050\006\061\000\040\006\106\006\110\006\071\000\040\006\056\006\047\006\065\006\314\000\040\006\047\006\062\000\040\006\052\006\057\006\047\006\056\006\104\006\047\006\052\000\040\006\057\006\047\006\061\006\110\006\314\006\314}{section.1.2}% 9
\BOOKMARK [2][-]{subsection.1.2.3}{\376\377\006\105\006\055\006\057\006\110\006\057\006\314\006\052\040\014\006\107\006\047\006\314\000\040\006\105\006\110\006\054\006\110\006\057\000\040\006\057\006\061\000\040\006\176\006\314\006\064\040\014\006\050\006\314\006\106\006\314\000\040\006\052\006\057\006\047\006\056\006\104\006\047\006\052\000\040\006\057\006\047\006\061\006\110\006\314\006\314}{section.1.2}% 10
\BOOKMARK [2][-]{subsection.1.2.4}{\376\377\006\061\006\047\006\107\040\014\006\055\006\104\040\014\006\107\006\047\006\314\000\040\006\176\006\314\006\064\006\106\006\107\006\047\006\057\006\314\000\040\006\050\006\061\006\047\006\314\000\040\006\055\006\104\000\040\006\105\006\055\006\057\006\110\006\057\006\314\006\052\040\014\006\107\006\047}{section.1.2}% 11
\BOOKMARK [1][-]{section.1.3}{\376\377\006\063\006\047\006\056\006\052\006\047\006\061\000\040\006\176\006\047\006\314\006\047\006\106\040\014\006\106\006\047\006\105\006\107}{chapter.1}% 12
\BOOKMARK [0][-]{chapter.2}{\376\377\006\101\006\065\006\104\000\040}{}% 13
\BOOKMARK [1][-]{section.2.1}{\376\377\006\105\006\101\006\047\006\107\006\314\006\105\000\040\006\176\006\047\006\314\006\107\000\040\006\052\006\057\006\047\006\056\006\104\006\047\006\052\000\040\006\057\006\047\006\061\006\110\006\314\006\314}{chapter.2}% 14
\BOOKMARK [1][-]{section.2.2}{\376\377\006\061\006\110\006\064\040\014\006\107\006\047\006\314\000\040\006\105\006\110\006\054\006\110\006\057\000\040\006\050\006\061\006\047\006\314\000\040\006\064\006\106\006\047\006\063\006\047\006\314\006\314\000\040\006\052\006\057\006\047\006\056\006\104\006\047\006\052\000\040\006\057\006\047\006\061\006\110\006\314\006\314}{chapter.2}% 15
\BOOKMARK [1][-]{section.2.3}{\376\377\006\251\006\047\006\061\006\050\006\061\006\057\000\040\006\314\006\047\006\057\006\257\006\314\006\061\006\314\000\040\006\105\006\047\006\064\006\314\006\106\000\040\006\057\006\061\000\040\006\064\006\106\006\047\006\063\006\047\006\314\006\314\000\040\006\052\006\057\006\047\006\056\006\104\006\047\006\052\000\040\006\057\006\047\006\061\006\110\006\314\006\314}{chapter.2}% 16
\BOOKMARK [2][-]{subsection.2.3.1}{\376\377\006\061\006\110\006\064\040\014\006\107\006\047\006\314\000\040\006\105\006\050\006\052\006\106\006\314\000\040\006\050\006\061\000\040\006\064\006\050\006\251\006\107\040\014\006\107\006\047\006\314\000\040\006\071\006\065\006\050\006\314}{section.2.3}% 17
\BOOKMARK [2][-]{subsection.2.3.2}{\376\377\006\061\006\110\006\064\040\014\006\107\006\047\006\314\000\040\006\105\006\050\006\052\006\106\006\314\000\040\006\050\006\061\000\040\006\257\006\061\006\047\006\101}{section.2.3}% 18
\BOOKMARK [2][-]{subsection.2.3.3}{\376\377\006\061\006\110\006\064\040\014\006\107\006\047\006\314\000\040\006\105\006\050\006\052\006\106\006\314\000\040\006\050\006\061\000\040\006\105\006\057\006\104\040\014\006\107\006\047\006\314\000\040\006\105\006\110\006\104\006\057}{section.2.3}% 19
\BOOKMARK [2][-]{subsection.2.3.4}{\376\377\006\061\006\110\006\064\040\014\006\107\006\047\006\314\000\040\006\105\006\050\006\052\006\106\006\314\000\040\006\050\006\061\000\040\006\052\006\061\006\251\006\314\006\050\000\040\006\047\006\067\006\104\006\047\006\071\006\047\006\052\000\040\006\063\006\047\006\056\006\052\006\047\006\061\006\314\000\040\006\110\000\040\006\105\006\052\006\106\006\314}{section.2.3}% 20
\BOOKMARK [1][-]{section.2.4}{\376\377\006\064\006\251\006\047\006\101\000\040\006\052\006\055\006\102\006\314\006\102\006\047\006\052\006\314}{chapter.2}% 21
\BOOKMARK [0][-]{chapter.3}{\376\377\006\101\006\065\006\104\000\040}{}% 22
\BOOKMARK [1][-]{section.3.1}{\376\377\006\105\006\061\006\110\006\061\000\040\006\251\006\104\006\314\000\040\006\105\006\057\006\104\000\040\006\176\006\314\006\064\006\106\006\107\006\047\006\057\006\314}{chapter.3}% 23
\BOOKMARK [1][-]{section.3.2}{\376\377\006\054\006\105\006\071\040\014\006\042\006\110\006\061\006\314\000\040\006\110\000\040\006\105\006\057\006\104\040\014\006\063\006\047\006\062\006\314\000\040\006\057\006\047\006\057\006\107\040\014\006\107\006\047}{chapter.3}% 24
\BOOKMARK [2][-]{subsection.3.2.1}{\376\377\006\105\006\106\006\047\006\050\006\071\000\040\006\057\006\047\006\057\006\107}{section.3.2}% 25
\BOOKMARK [2][-]{subsection.3.2.2}{\376\377\006\067\006\050\006\102\006\107\040\014\006\050\006\106\006\057\006\314\000\040\006\052\006\057\006\047\006\056\006\104\006\047\006\052\000\040\006\057\006\047\006\061\006\110\006\314\006\314}{section.3.2}% 26
\BOOKMARK [2][-]{subsection.3.2.3}{\376\377\006\052\006\050\006\057\006\314\006\104\000\040\000S\000M\000I\000L\000E\000S\000\040\006\050\006\107\000\040\006\257\006\061\006\047\006\101\000\040\006\050\006\047\000\040\006\047\006\063\006\052\006\101\006\047\006\057\006\107\000\040\006\047\006\062\000\040\000R\000D\000K\000i\000t}{section.3.2}% 27
\BOOKMARK [2][-]{subsection.3.2.4}{\376\377\006\105\006\057\006\104\040\014\006\063\006\047\006\062\006\314\000\040\006\110\006\314\006\230\006\257\006\314\040\014\006\107\006\047\006\314\000\040\006\064\006\050\006\047\006\107\006\052\000\040\006\057\006\047\006\061\006\110\006\314\006\314}{section.3.2}% 28
\BOOKMARK [2][-]{subsection.3.2.5}{\376\377\006\052\006\050\006\057\006\314\006\104\000\040\006\110\006\314\006\230\006\257\006\314\040\014\006\107\006\047\006\314\000\040\006\105\006\052\006\106\006\314\000\040\006\050\006\047\000\040\006\047\006\063\006\052\006\101\006\047\006\057\006\107\000\040\006\047\006\062\000\040\000S\000c\000i\000B\000E\000R\000T}{section.3.2}% 29
\BOOKMARK [1][-]{section.3.3}{\376\377\006\110\006\314\006\230\006\257\006\314\040\014\006\107\006\047\000\040\006\110\000\040\006\105\006\071\006\105\006\047\006\061\006\314\000\040\006\105\006\057\006\104\000\040\006\176\006\314\006\064\006\106\006\107\006\047\006\057\006\314}{chapter.3}% 30
\BOOKMARK [2][-]{subsection.3.3.1}{\376\377\006\105\006\057\006\104\000\040\006\047\006\063\006\052\006\056\006\061\006\047\006\054\000\040\006\110\006\314\006\230\006\257\006\314\000\040\006\110\000\040\006\047\006\057\006\072\006\047\006\105\000\040\006\110\006\314\006\230\006\257\006\314\040\014\006\107\006\047}{section.3.3}% 31
\BOOKMARK [2][-]{subsection.3.3.2}{\376\377\006\054\006\062\006\046\006\314\006\047\006\052\000\040\006\064\006\050\006\251\006\107\000\040\006\052\006\110\006\054\006\107\000\040\006\257\006\061\006\047\006\101\000\040\006\057\006\061\000\040\006\050\006\056\006\064\000\040\006\063\006\047\006\056\006\052\006\047\006\061\006\314}{section.3.3}% 32
\BOOKMARK [2][-]{subsection.3.3.3}{\376\377\006\054\006\062\006\046\006\314\006\047\006\052\000\040\006\064\006\050\006\251\006\107\040\014\000\040\006\176\006\061\006\063\006\176\006\052\006\061\006\110\006\106\000\040\006\206\006\106\006\057\006\104\006\047\006\314\006\107\000\040\006\057\006\061\000\040\006\050\006\056\006\064\040\014\006\107\006\047\006\314\000\040\006\064\006\050\006\047\006\107\006\052\000\040\006\110\000\040\006\105\006\052\006\106\006\314}{section.3.3}% 33
\BOOKMARK [2][-]{subsection.3.3.4}{\376\377\006\176\006\314\006\064\040\014\006\050\006\314\006\106\006\314\000\040\006\052\006\057\006\047\006\056\006\104\000\040\006\057\006\047\006\061\006\110\006\314\006\314}{section.3.3}% 34
\BOOKMARK [2][-]{subsection.3.3.5}{\376\377\006\105\006\062\006\047\006\314\006\047\006\314\000\040\006\047\006\064\006\052\006\061\006\047\006\251\040\014\006\257\006\060\006\047\006\061\006\314\000\040\006\176\006\047\006\061\006\047\006\105\006\052\006\061\006\107\006\047\000\040\006\057\006\061\000\040\006\050\006\107\006\050\006\110\006\057\000\040\006\071\006\105\006\104\006\251\006\061\006\057\000\040\006\105\006\057\006\104}{section.3.3}% 35
\BOOKMARK [2][-]{subsection.3.3.6}{\376\377\006\206\006\047\006\104\006\064\040\014\006\107\006\047\000\040\006\110\000\040\006\106\006\110\006\042\006\110\006\061\006\314\040\014\006\107\006\047\006\314\000\040\006\105\006\057\006\104\000\040\006\176\006\314\006\064\006\106\006\107\006\047\006\057\006\314}{section.3.3}% 36
\BOOKMARK [0][-]{chapter.4}{\376\377\006\101\006\065\006\104\000\040}{}% 37
\BOOKMARK [1][-]{section.4.1}{\376\377\006\063\006\106\006\047\006\061\006\314\006\110\006\107\006\047\006\314\000\040\006\047\006\061\006\062\006\314\006\047\006\050\006\314\000\040\006\105\006\057\006\104}{chapter.4}% 38
\BOOKMARK [2][-]{subsection.4.1.1}{\376\377\006\063\006\106\006\047\006\061\006\314\006\110\006\314\000\040\006\047\006\110\006\104\000:\000\040\006\047\006\071\006\052\006\050\006\047\006\061\006\063\006\106\006\054\006\314\000\040\006\105\006\052\006\102\006\047\006\067\006\071\000\040\000K\000-\000F\000o\000l\000d}{section.4.1}% 39
\BOOKMARK [2][-]{subsection.4.1.2}{\376\377\006\063\006\106\006\047\006\061\006\314\006\110\006\314\000\040\006\057\006\110\006\105\000:\000\040\006\052\006\102\006\063\006\314\006\105\040\014\006\050\006\106\006\057\006\314\000\040\006\050\006\061\000\040\006\047\006\063\006\047\006\063\000\040\006\057\006\047\006\061\006\110\006\107\006\047\000\040\006\050\006\047\000\040\006\057\006\047\006\057\006\107\040\014\006\107\006\047\006\314\000\040\006\054\006\057\006\314\006\057\000\040\006\057\006\061\000\040\006\042\006\062\006\105\006\110\006\106}{section.4.1}% 40
\BOOKMARK [2][-]{subsection.4.1.3}{\376\377\006\063\006\106\006\047\006\061\006\314\006\110\006\314\000\040\006\063\006\110\006\105\000:\000\040\006\052\006\102\006\063\006\314\006\105\040\014\006\050\006\106\006\057\006\314\000\040\006\050\006\061\000\040\006\047\006\063\006\047\006\063\000\040\006\057\006\047\006\061\006\110\006\107\006\047\000\040\006\050\006\047\000\040\006\107\006\061\000\040\006\057\006\110\000\040\006\057\006\047\006\061\006\110\000\040\006\047\006\062\000\040\006\105\006\054\006\105\006\110\006\071\006\107\000\040\006\042\006\062\006\105\006\110\006\106}{section.4.1}% 41
\BOOKMARK [1][-]{section.4.2}{\376\377\006\105\006\102\006\047\006\314\006\063\006\107\000\040\006\050\006\047\000\040\006\061\006\110\006\064\040\014\006\107\006\047\006\314\000\040\006\105\006\110\006\054\006\110\006\057}{chapter.4}% 42
\BOOKMARK [2][-]{subsection.4.2.1}{\376\377\006\106\006\052\006\047\006\314\006\054\000\040\006\057\006\061\000\040\006\063\006\106\006\047\006\061\006\314\006\110\006\314\000\040\006\047\006\110\006\104}{section.4.2}% 43
\BOOKMARK [2][-]{subsection.4.2.2}{\376\377\006\106\006\052\006\047\006\314\006\054\000\040\006\057\006\061\000\040\006\063\006\106\006\047\006\061\006\314\006\110\006\314\000\040\006\057\006\110\006\105}{section.4.2}% 44
\BOOKMARK [2][-]{subsection.4.2.3}{\376\377\006\106\006\052\006\047\006\314\006\054\000\040\006\057\006\061\000\040\006\063\006\106\006\047\006\061\006\314\006\110\006\314\000\040\006\063\006\110\006\105}{section.4.2}% 45
\BOOKMARK [2][-]{subsection.4.2.4}{\376\377\006\052\006\055\006\104\006\314\006\104\000\040\006\105\006\102\006\047\006\314\006\063\006\107\040\014\006\047\006\314\000\040\006\106\006\052\006\047\006\314\006\054}{section.4.2}% 46
\BOOKMARK [1][-]{section.4.3}{\376\377\006\105\006\067\006\047\006\104\006\071\006\107\000\040\006\052\006\102\006\067\006\314\006\071\006\314}{chapter.4}% 47
\BOOKMARK [2][-]{subsection.4.3.1}{\376\377\006\050\006\061\006\061\006\063\006\314\000\040\006\052\006\043\006\053\006\314\006\061\000\040\006\110\006\314\006\230\006\257\006\314\040\014\006\107\006\047\006\314\000\040\006\105\006\056\006\052\006\104\006\101\000\040\006\057\006\061\000\040\006\063\006\106\006\047\006\061\006\314\006\110\006\314\000\040\006\047\006\110\006\104}{section.4.3}% 48
\BOOKMARK [2][-]{subsection.4.3.2}{\376\377\006\050\006\061\006\061\006\063\006\314\000\040\006\052\006\043\006\053\006\314\006\061\000\040\006\110\006\314\006\230\006\257\006\314\040\014\006\107\006\047\006\314\000\040\006\105\006\056\006\052\006\104\006\101\000\040\006\057\006\061\000\040\006\063\006\106\006\047\006\061\006\314\006\110\006\314\000\040\006\057\006\110\006\105}{section.4.3}% 49
\BOOKMARK [2][-]{subsection.4.3.3}{\376\377\006\050\006\061\006\061\006\063\006\314\000\040\006\052\006\043\006\053\006\314\006\061\000\040\006\110\006\314\006\230\006\257\006\314\040\014\006\107\006\047\006\314\000\040\006\105\006\056\006\052\006\104\006\101\000\040\006\057\006\061\000\040\006\063\006\106\006\047\006\061\006\314\006\110\006\314\000\040\006\063\006\110\006\105}{section.4.3}% 50
\BOOKMARK [2][-]{subsection.4.3.4}{\376\377\006\052\006\055\006\104\006\314\006\104\000\040\006\054\006\047\006\105\006\071\000\040\006\106\006\052\006\047\006\314\006\054\000\040\006\105\006\067\006\047\006\104\006\071\006\107\000\040\006\052\006\102\006\067\006\314\006\071\006\314}{section.4.3}% 51
\BOOKMARK [1][-]{section.4.4}{\376\377\006\052\006\101\006\063\006\314\006\061\000\040\006\106\006\052\006\047\006\314\006\054}{chapter.4}% 52
\BOOKMARK [1][-]{section.4.5}{\376\377\006\052\006\055\006\104\006\314\006\104\000\040\006\061\006\047\006\050\006\067\006\107\000\040\006\064\006\050\006\047\006\107\006\052\000\040\006\110\000\040\006\052\006\057\006\047\006\056\006\104\006\047\006\052\000\040\006\057\006\047\006\061\006\110\006\314\006\314}{chapter.4}% 53
\BOOKMARK [1][-]{section.4.6}{\376\377\006\206\006\047\006\104\006\064\040\014\006\107\006\047\006\314\000\040\006\105\006\110\006\054\006\110\006\057}{chapter.4}% 54
\BOOKMARK [0][-]{chapter.5}{\376\377\006\101\006\065\006\104\000\040}{}% 55
\BOOKMARK [1][-]{section.5.1}{\376\377\006\056\006\104\006\047\006\065\006\107\000\040\006\314\006\047\006\101\006\052\006\107\040\014\006\107\006\047}{chapter.5}% 56
\BOOKMARK [1][-]{section.5.2}{\376\377\006\057\006\063\006\052\006\047\006\110\006\061\006\057\006\107\006\047}{chapter.5}% 57
\BOOKMARK [1][-]{section.5.3}{\376\377\006\176\006\314\006\064\006\106\006\107\006\047\006\057\006\047\006\052\000\040\006\050\006\061\006\047\006\314\000\040\006\052\006\055\006\102\006\314\006\102\006\047\006\052\000\040\006\042\006\314\006\106\006\057\006\107}{chapter.5}% 58
\BOOKMARK [2][-]{subsection.5.3.1}{\376\377\006\050\006\107\006\050\006\110\006\057\000\040\006\176\006\061\006\057\006\047\006\062\006\064\000\040\006\057\006\047\006\057\006\107\040\014\006\107\006\047\006\314\000\040\006\105\006\052\006\106\006\314}{section.5.3}% 59
\BOOKMARK [2][-]{subsection.5.3.2}{\376\377\006\050\006\107\006\314\006\106\006\107\040\014\006\063\006\047\006\062\006\314\000\040\006\251\006\047\006\107\006\064\000\040\006\047\006\050\006\071\006\047\006\057}{section.5.3}% 60
\BOOKMARK [2][-]{subsection.5.3.3}{\376\377\006\047\006\063\006\052\006\101\006\047\006\057\006\107\000\040\006\047\006\062\000\040\006\047\006\067\006\104\006\047\006\071\006\047\006\052\000\040\006\063\006\047\006\056\006\052\006\047\006\061\000\040\006\063\006\107\040\014\006\050\006\071\006\057\006\314\000\040\006\057\006\047\006\061\006\110\006\107\006\047}{section.5.3}% 61
\BOOKMARK [2][-]{subsection.5.3.4}{\376\377\006\050\006\107\006\050\006\110\006\057\000\040\006\105\006\071\006\105\006\047\006\061\006\314\000\040\006\251\006\104\006\314\000\040\006\105\006\057\006\104}{section.5.3}% 62
\BOOKMARK [0][-]{appendix.Alph1}{\376\377\006\176\006\314\006\110\006\063\006\052\000\040}{}% 63
\BOOKMARK [0][-]{appendix.Alph2}{\376\377\006\176\006\314\006\110\006\063\006\052\000\040}{}% 64
\BOOKMARK [1][-]{section.Alph2.1}{\376\377\006\057\006\102\006\052}{appendix.Alph2}% 65
\BOOKMARK [1][-]{section.Alph2.2}{\376\377\006\050\006\047\006\062\006\056\006\110\006\047\006\106\006\314}{appendix.Alph2}% 66
\BOOKMARK [1][-]{section.Alph2.3}{\376\377\006\065\006\055\006\052}{appendix.Alph2}% 67
\BOOKMARK [1][-]{section.Alph2.4}{\376\377\006\047\006\105\006\052\006\314\006\047\006\062\000\040\000F\0001}{appendix.Alph2}% 68
\BOOKMARK [1][-]{section.Alph2.5}{\376\377\006\106\006\052\006\314\006\054\006\107\040\014\006\257\006\314\006\061\006\314}{appendix.Alph2}% 69
\BOOKMARK [0][-]{appendix.Alph3}{\376\377\006\176\006\314\006\110\006\063\006\052\000\040}{}% 70
\BOOKMARK [1][-]{table.ج.1}{\376\377\006\105\006\061\006\047\006\054\006\071}{appendix.Alph3}% 71
